[1110/143649.761:ERROR:process_reader_win.cc(151)] SuspendThread: Pøístup byl odepøen. (0x5)
[1110/143649.785:ERROR:process_reader_win.cc(123)] NtOpenThread: Bylo zadáno neplatné ID klienta. (0xc000000b)
[1110/143649.785:ERROR:process_reader_win.cc(151)] SuspendThread: Pøístup byl odepøen. (0x5)
[1110/143649.785:ERROR:process_reader_win.cc(151)] SuspendThread: Pøístup byl odepøen. (0x5)
[1110/143649.785:ERROR:process_reader_win.cc(151)] SuspendThread: Pøístup byl odepøen. (0x5)
[1110/143649.785:ERROR:process_reader_win.cc(123)] NtOpenThread: Bylo zadáno neplatné ID klienta. (0xc000000b)
[1110/143649.785:ERROR:process_reader_win.cc(123)] NtOpenThread: Bylo zadáno neplatné ID klienta. (0xc000000b)
[1110/143649.785:ERROR:exception_snapshot_win.cc(88)] thread ID 4884 not found in process
[1110/143649.785:ERROR:scoped_process_suspend.cc(40)] NtResumeProcess: Došlo k pokusu o pøístup ke konèícímu procesu. (0xc000010a)
[1110/144729.855:ERROR:process_reader_win.cc(182)] ResumeThread: Parametr není správný. (0x57)
[1110/144729.877:ERROR:process_reader_win.cc(151)] SuspendThread: Pøístup byl odepøen. (0x5)
[1110/144729.877:ERROR:process_reader_win.cc(123)] NtOpenThread: Bylo zadáno neplatné ID klienta. (0xc000000b)
[1110/144729.877:ERROR:process_reader_win.cc(123)] NtOpenThread: Bylo zadáno neplatné ID klienta. (0xc000000b)
[1110/144729.877:ERROR:process_reader_win.cc(123)] NtOpenThread: Bylo zadáno neplatné ID klienta. (0xc000000b)
[1110/144729.877:ERROR:process_reader_win.cc(123)] NtOpenThread: Bylo zadáno neplatné ID klienta. (0xc000000b)
[1110/144729.877:ERROR:process_reader_win.cc(123)] NtOpenThread: Bylo zadáno neplatné ID klienta. (0xc000000b)
[1110/144729.877:ERROR:process_reader_win.cc(123)] NtOpenThread: Bylo zadáno neplatné ID klienta. (0xc000000b)
[1110/144729.893:ERROR:process_reader_win.cc(123)] NtOpenThread: Bylo zadáno neplatné ID klienta. (0xc000000b)
[1110/144729.893:ERROR:process_reader_win.cc(123)] NtOpenThread: Bylo zadáno neplatné ID klienta. (0xc000000b)
[1110/144729.893:ERROR:process_reader_win.cc(123)] NtOpenThread: Bylo zadáno neplatné ID klienta. (0xc000000b)
[1110/144729.893:ERROR:process_reader_win.cc(123)] NtOpenThread: Bylo zadáno neplatné ID klienta. (0xc000000b)
[1110/144729.893:ERROR:process_reader_win.cc(123)] NtOpenThread: Bylo zadáno neplatné ID klienta. (0xc000000b)
[1110/144729.893:ERROR:exception_snapshot_win.cc(88)] thread ID 6460 not found in process
[1110/144729.893:ERROR:scoped_process_suspend.cc(40)] NtResumeProcess: Došlo k pokusu o pøístup ke konèícímu procesu. (0xc000010a)
